[INFO] Started bridged http service
gogo: MalformedURLException: unknown protocol: bundle
java.net.MalformedURLException: unknown protocol: bundle
	at java.net.URL.<init>(URL.java:592)
	at java.net.URL.<init>(URL.java:482)
	at java.net.URL.<init>(URL.java:431)
	at java.net.URI.toURL(URI.java:1096)
	at org.apache.felix.gogo.shell.Shell.readScript(Shell.java:209)
	at org.apache.felix.gogo.shell.Shell.source(Shell.java:192)
	at org.apache.felix.gogo.shell.Shell.gosh(Shell.java:109)
	at sun.reflect.NativeMethodAccessorImpl.invoke0(Native Method)
	at sun.reflect.NativeMethodAccessorImpl.invoke(NativeMethodAccessorImpl.java:57)
	at sun.reflect.DelegatingMethodAccessorImpl.invoke(DelegatingMethodAccessorImpl.java:43)
	at java.lang.reflect.Method.invoke(Method.java:606)
	at org.apache.felix.gogo.runtime.Reflective.invoke(Reflective.java:137)
	at org.apache.felix.gogo.runtime.CommandProxy.execute(CommandProxy.java:82)
	at org.apache.felix.gogo.runtime.Closure.executeCmd(Closure.java:477)
	at org.apache.felix.gogo.runtime.Closure.executeStatement(Closure.java:403)
	at org.apache.felix.gogo.runtime.Pipe.run(Pipe.java:108)
	at org.apache.felix.gogo.runtime.Closure.execute(Closure.java:183)
	at org.apache.felix.gogo.runtime.Closure.execute(Closure.java:120)
	at org.apache.felix.gogo.runtime.CommandSessionImpl.execute(CommandSessionImpl.java:89)
	at org.apache.felix.gogo.shell.Activator.run(Activator.java:75)
	at java.lang.Thread.run(Thread.java:745)
Initializing server:crudzilla/com/crudzilla/HiveMind/web
